Removed Member From Class: ClassName=Button_Block Member=H3
Removed Member From Class: ClassName=U_AC_POWER_Block Member=H3
Removed Member From Class: ClassName=Fan_Block Member=H5
Removed Member From Class: ClassName=Connector_Block Member=H8
Removed Member From Class: ClassName=RF_Block Member=R13
Removed Member From Class: ClassName=USB_Block Member=R17
Removed Member From Class: ClassName=U_MCU Member=R26
Removed Member From Class: ClassName=U_AC_POWER_Block Member=U5
Removed Member From Class: ClassName=U_MCU Member=U5
Change Component Footprint: Designator=C15 Old Footprint=C0603 New Footprint=C0805
Change Component Footprint: Designator=C16 Old Footprint=C0603 New Footprint=C0805
Change Component Designator: OldDesignator=R21 NewDesignator=R25
Change Component Designator: OldDesignator=R22 NewDesignator=R26
Change Component Designator: OldDesignator=R23 NewDesignator=R27
Change Component Designator: OldDesignator=R24 NewDesignator=R28
Change Component Designator: OldDesignator=R25 NewDesignator=R29
Change Component Designator: OldDesignator=R26 NewDesignator=R30
Change Component Designator: OldDesignator=R27 NewDesignator=R31
Change Component Designator: OldDesignator=R28 NewDesignator=R32
Change Component Designator: OldDesignator=R29 NewDesignator=R33
Change Component Designator: OldDesignator=R30 NewDesignator=R34
Change Component Designator: OldDesignator=R31 NewDesignator=R35
Change Component Designator: OldDesignator=R32 NewDesignator=R36
Change Component Designator: OldDesignator=R33 NewDesignator=R37
Added Component: Designator=R21(R0603)
Added Component: Designator=R22(R0603)
Added Component: Designator=R23(R0603)
Added Component: Designator=R24(R0603)
Added Pin To Net: NetName=3V3 Pin=R21-1
Added Pin To Net: NetName=NetH1_4 Pin=R21-2
Added Pin To Net: NetName=3V3 Pin=R22-1
Added Pin To Net: NetName=NetH1_3 Pin=R22-2
Added Pin To Net: NetName=3V3 Pin=R23-1
Added Pin To Net: NetName=NetH1_2 Pin=R23-2
Added Pin To Net: NetName=3V3 Pin=R24-1
Added Pin To Net: NetName=NetH1_1 Pin=R24-2
Change Net Name : Old Net Name=NetR23_2 New Net Name=NetR27_2
Change Net Name : Old Net Name=NetR24_2 New Net Name=NetR28_2
Change Net Name : Old Net Name=NetR25_2 New Net Name=NetR29_2
Change Net Name : Old Net Name=NetR26_1 New Net Name=NetR30_1
Change Net Name : Old Net Name=NetR30_1 New Net Name=NetR34_1
Change Net Name : Old Net Name=NetR31_1 New Net Name=NetR35_1
Change Net Name : Old Net Name=NetR32_1 New Net Name=NetR36_1
Change Net Name : Old Net Name=NetR32_2 New Net Name=NetR36_2
Change Net Name : Old Net Name=NetR33_2 New Net Name=NetR37_2
Added Member To Class: ClassName=USB_Block Member=Component C11 10uF
Added Member To Class: ClassName=USB_Block Member=Component C12 100nF
Added Member To Class: ClassName=USB_Block Member=Component C13 100nF
Added Member To Class: ClassName=USB_Block Member=Component C14 100nF
Added Member To Class: ClassName=Button_Block Member=Component C15 100nF
Added Member To Class: ClassName=Button_Block Member=Component C16 1uF
Added Member To Class: ClassName=U_DC_POWER_Block Member=Component C17 470uF
Added Member To Class: ClassName=Connector_Block Member=Component C19 100nF
Added Member To Class: ClassName=Connector_Block Member=Component C20 100nF
Added Member To Class: ClassName=Relay4_Block Member=Component C23 100nF
Added Member To Class: ClassName=Button_Block Member=Component H1 KEYPAD
Added Member To Class: ClassName=U_AC_POWER_Block Member=Component H2 220VAC
Added Member To Class: ClassName=Fan_Block Member=Component H4 FAN
Added Member To Class: ClassName=Connector_Block Member=Component H6 IIC
Added Member To Class: ClassName=Relay_Connector_Block Member=Component H7 RL1
Added Member To Class: ClassName=Relay_Connector_Block Member=Component H9 RL3
Added Member To Class: ClassName=RF_Block Member=Component R9 10K
Added Member To Class: ClassName=RF_Block Member=Component R10 10K
Added Member To Class: ClassName=USB_Block Member=Component R11 1K
Added Member To Class: ClassName=USB_Block Member=Component R12 5.1K
Added Member To Class: ClassName=USB_Block Member=Component R14 1K
Added Member To Class: ClassName=USB_Block Member=Component R15 560R
Added Member To Class: ClassName=USB_Block Member=Component R16 560R
Added Member To Class: ClassName=Buzzer_Block Member=Component R18 2K2
Added Member To Class: ClassName=Buzzer_Block Member=Component R19 10K
Added Member To Class: ClassName=Button_Block Member=Component R21 10K
Added Member To Class: ClassName=Button_Block Member=Component R22 10K
Added Member To Class: ClassName=Button_Block Member=Component R23 10K
Added Member To Class: ClassName=Button_Block Member=Component R24 10K
Added Member To Class: ClassName=RTC_Block Member=Component R25 10K
Added Member To Class: ClassName=RTC_Block Member=Component R27 10K
Added Member To Class: ClassName=RTC_Block Member=Component R29 10K
Added Member To Class: ClassName=U_MCU Member=Component R35 560R
Added Member To Class: ClassName=Relay4_Block Member=Component R36 560R
Added Member To Class: ClassName=Relay4_Block Member=Component R37 1K
Added Member To Class: ClassName=RF_Block Member=Component TP1 ANT
Added Member To Class: ClassName=U_3V3_Block Member=Component TP2 3V3
Added Member To Class: ClassName=USB_Block Member=Component U3 CH340C
Added Member To Class: ClassName=U_AC_POWER_Block Member=Component U6 HLK-Hilink 24/12/5V 10W
Added Member To Class: ClassName=U_MCU Member=Component U7 ESP32-WROOM-32
