Change Component Designator: OldDesignator=RX NewDesignator=L2
Change Component Designator: OldDesignator=TX NewDesignator=L1
Added Component: Designator=TP1(Test Point)
Added Component: Designator=TP2(Test Point)
Added Component: Designator=TP3(Test Point)
Added Component: Designator=TP4(Test Point)
Added Component: Designator=TP5(Test Point)
Added Component: Designator=TP6(Test Point)
Added Component: Designator=TP7(Test Point)
Added Component: Designator=TP8(Test Point)
Added Pin To Net: NetName=3V3 Pin=TP1-1
Added Pin To Net: NetName=+5 Pin=TP2-1
Added Pin To Net: NetName=+5 Pin=TP3-1
Added Pin To Net: NetName=NetH4_3 Pin=TP4-1
Added Pin To Net: NetName=NetH4_2 Pin=TP5-1
Added Pin To Net: NetName=NetH5_2 Pin=TP6-1
Added Pin To Net: NetName=NetH5_1 Pin=TP7-1
Added Pin To Net: NetName=VCC Pin=TP8-1
Added Member To Class: ClassName=U_3V3_Block Member=Component TP1 3V3
Added Member To Class: ClassName=U_5V_Block Member=Component TP2 5V
Added Member To Class: ClassName=USB_Block Member=Component TP3 VBUS
Added Member To Class: ClassName=USB_Block Member=Component TP4 TXD
Added Member To Class: ClassName=USB_Block Member=Component TP5 RXD
Added Member To Class: ClassName=RTC_Block Member=Component TP6 SCL
Added Member To Class: ClassName=RTC_Block Member=Component TP7 SDA
Added Member To Class: ClassName=U_DC_POWER_Block Member=Component TP8 VIN
